{"/Users/dinarabekeshova/Desktop/codeworks/Diaree/server/router.ts": {"path":"/Users/dinarabekeshova/Desktop/codeworks/Diaree/server/router.ts","statementMap":{"0":{"start":{"line":1,"column":0},"end":{"line":1,"column":32}},"1":{"start":{"line":2,"column":0},"end":{"line":2,"column":27}},"2":{"start":{"line":4,"column":15},"end":{"line":4,"column":23}},"3":{"start":{"line":5,"column":15},"end":{"line":5,"column":43}},"4":{"start":{"line":7,"column":0},"end":{"line":7,"column":null}},"5":{"start":{"line":18,"column":0},"end":{"line":18,"column":75}},"6":{"start":{"line":20,"column":0},"end":{"line":20,"column":null}},"7":{"start":{"line":21,"column":0},"end":{"line":21,"column":null}},"8":{"start":{"line":22,"column":0},"end":{"line":22,"column":null}},"9":{"start":{"line":23,"column":0},"end":{"line":23,"column":null}},"10":{"start":{"line":25,"column":0},"end":{"line":25,"column":null}},"11":{"start":{"line":26,"column":0},"end":{"line":26,"column":null}},"12":{"start":{"line":27,"column":0},"end":{"line":27,"column":null}},"13":{"start":{"line":28,"column":0},"end":{"line":28,"column":null}},"14":{"start":{"line":30,"column":0},"end":{"line":30,"column":null}},"15":{"start":{"line":31,"column":0},"end":{"line":31,"column":null}},"16":{"start":{"line":32,"column":0},"end":{"line":32,"column":null}},"17":{"start":{"line":34,"column":0},"end":{"line":34,"column":null}}},"fnMap":{},"branchMap":{},"s":{"0":1,"1":1,"2":1,"3":1,"4":1,"5":1,"6":1,"7":1,"8":1,"9":1,"10":1,"11":1,"12":1,"13":1,"14":1,"15":1,"16":1,"17":1},"f":{},"b":{}}
,"/Users/dinarabekeshova/Desktop/codeworks/Diaree/server/server.ts": {"path":"/Users/dinarabekeshova/Desktop/codeworks/Diaree/server/server.ts","statementMap":{"0":{"start":{"line":1,"column":0},"end":{"line":1,"column":23}},"1":{"start":{"line":2,"column":0},"end":{"line":2,"column":29}},"2":{"start":{"line":3,"column":0},"end":{"line":3,"column":29}},"3":{"start":{"line":5,"column":28},"end":{"line":13,"column":1}},"4":{"start":{"line":6,"column":14},"end":{"line":6,"column":23}},"5":{"start":{"line":8,"column":2},"end":{"line":8,"column":null}},"6":{"start":{"line":9,"column":2},"end":{"line":9,"column":null}},"7":{"start":{"line":10,"column":2},"end":{"line":10,"column":null}},"8":{"start":{"line":12,"column":2},"end":{"line":12,"column":null}},"9":{"start":{"line":5,"column":13},"end":{"line":5,"column":28}}},"fnMap":{"0":{"name":"(anonymous_1)","decl":{"start":{"line":5,"column":28},"end":{"line":5,"column":31}},"loc":{"start":{"line":5,"column":33},"end":{"line":13,"column":1}}}},"branchMap":{},"s":{"0":1,"1":1,"2":1,"3":1,"4":1,"5":1,"6":1,"7":1,"8":1,"9":1},"f":{"0":1},"b":{}}
,"/Users/dinarabekeshova/Desktop/codeworks/Diaree/server/__tests__/__fixtures__/entries.ts": {"path":"/Users/dinarabekeshova/Desktop/codeworks/Diaree/server/__tests__/__fixtures__/entries.ts","statementMap":{"0":{"start":{"line":4,"column":27},"end":{"line":8,"column":1}},"1":{"start":{"line":5,"column":19},"end":{"line":5,"column":29}},"2":{"start":{"line":6,"column":2},"end":{"line":6,"column":53}},"3":{"start":{"line":7,"column":2},"end":{"line":7,"column":null}},"4":{"start":{"line":10,"column":13},"end":{"line":36,"column":null}}},"fnMap":{"0":{"name":"(anonymous_0)","decl":{"start":{"line":4,"column":27},"end":{"line":4,"column":28}},"loc":{"start":{"line":4,"column":45},"end":{"line":8,"column":1}}}},"branchMap":{},"s":{"0":1,"1":3,"2":3,"3":3,"4":1},"f":{"0":3},"b":{}}
,"/Users/dinarabekeshova/Desktop/codeworks/Diaree/server/controllers/diaryEntryController.ts": {"path":"/Users/dinarabekeshova/Desktop/codeworks/Diaree/server/controllers/diaryEntryController.ts","statementMap":{"0":{"start":{"line":3,"column":0},"end":{"line":3,"column":27}},"1":{"start":{"line":6,"column":0},"end":{"line":6,"column":null}},"2":{"start":{"line":8,"column":0},"end":{"line":8,"column":45}},"3":{"start":{"line":9,"column":0},"end":{"line":9,"column":45}},"4":{"start":{"line":11,"column":0},"end":{"line":15,"column":null}},"5":{"start":{"line":19,"column":2},"end":{"line":28,"column":null}},"6":{"start":{"line":20,"column":34},"end":{"line":20,"column":80}},"7":{"start":{"line":21,"column":4},"end":{"line":23,"column":null}},"8":{"start":{"line":22,"column":6},"end":{"line":22,"column":null}},"9":{"start":{"line":24,"column":4},"end":{"line":24,"column":null}},"10":{"start":{"line":26,"column":4},"end":{"line":26,"column":null}},"11":{"start":{"line":27,"column":4},"end":{"line":27,"column":null}},"12":{"start":{"line":193,"column":24},"end":{"line":193,"column":42}},"13":{"start":{"line":33,"column":2},"end":{"line":44,"column":null}},"14":{"start":{"line":34,"column":35},"end":{"line":36,"column":6}},"15":{"start":{"line":37,"column":4},"end":{"line":39,"column":null}},"16":{"start":{"line":38,"column":6},"end":{"line":38,"column":null}},"17":{"start":{"line":40,"column":4},"end":{"line":40,"column":null}},"18":{"start":{"line":42,"column":4},"end":{"line":42,"column":null}},"19":{"start":{"line":43,"column":4},"end":{"line":43,"column":null}},"20":{"start":{"line":195,"column":2},"end":{"line":195,"column":21}},"21":{"start":{"line":49,"column":2},"end":{"line":61,"column":null}},"22":{"start":{"line":50,"column":19},"end":{"line":50,"column":29}},"23":{"start":{"line":51,"column":26},"end":{"line":51,"column":55}},"24":{"start":{"line":53,"column":4},"end":{"line":55,"column":null}},"25":{"start":{"line":54,"column":6},"end":{"line":54,"column":null}},"26":{"start":{"line":57,"column":4},"end":{"line":57,"column":null}},"27":{"start":{"line":59,"column":4},"end":{"line":59,"column":null}},"28":{"start":{"line":60,"column":4},"end":{"line":60,"column":null}},"29":{"start":{"line":196,"column":2},"end":{"line":196,"column":18}},"30":{"start":{"line":66,"column":2},"end":{"line":93,"column":null}},"31":{"start":{"line":67,"column":21},"end":{"line":67,"column":31}},"32":{"start":{"line":70,"column":22},"end":{"line":70,"column":36}},"33":{"start":{"line":71,"column":4},"end":{"line":71,"column":null}},"34":{"start":{"line":73,"column":21},"end":{"line":73,"column":40}},"35":{"start":{"line":74,"column":4},"end":{"line":74,"column":null}},"36":{"start":{"line":76,"column":26},"end":{"line":81,"column":13}},"37":{"start":{"line":83,"column":4},"end":{"line":87,"column":null}},"38":{"start":{"line":84,"column":6},"end":{"line":86,"column":null}},"39":{"start":{"line":89,"column":4},"end":{"line":89,"column":null}},"40":{"start":{"line":91,"column":4},"end":{"line":91,"column":null}},"41":{"start":{"line":92,"column":4},"end":{"line":92,"column":null}},"42":{"start":{"line":194,"column":2},"end":{"line":194,"column":23}},"43":{"start":{"line":98,"column":2},"end":{"line":112,"column":null}},"44":{"start":{"line":99,"column":44},"end":{"line":99,"column":52}},"45":{"start":{"line":101,"column":28},"end":{"line":106,"column":6}},"46":{"start":{"line":108,"column":4},"end":{"line":108,"column":null}},"47":{"start":{"line":110,"column":4},"end":{"line":110,"column":null}},"48":{"start":{"line":111,"column":4},"end":{"line":111,"column":null}},"49":{"start":{"line":190,"column":2},"end":{"line":190,"column":15}},"50":{"start":{"line":117,"column":2},"end":{"line":139,"column":null}},"51":{"start":{"line":118,"column":4},"end":{"line":118,"column":null}},"52":{"start":{"line":120,"column":4},"end":{"line":120,"column":null}},"53":{"start":{"line":121,"column":4},"end":{"line":123,"column":null}},"54":{"start":{"line":122,"column":6},"end":{"line":122,"column":null}},"55":{"start":{"line":125,"column":19},"end":{"line":132,"column":6}},"56":{"start":{"line":134,"column":21},"end":{"line":134,"column":31}},"57":{"start":{"line":135,"column":4},"end":{"line":135,"column":null}},"58":{"start":{"line":137,"column":4},"end":{"line":137,"column":null}},"59":{"start":{"line":138,"column":4},"end":{"line":138,"column":null}},"60":{"start":{"line":197,"column":2},"end":{"line":197,"column":13}},"61":{"start":{"line":144,"column":2},"end":{"line":169,"column":null}},"62":{"start":{"line":145,"column":19},"end":{"line":145,"column":29}},"63":{"start":{"line":146,"column":44},"end":{"line":146,"column":52}},"64":{"start":{"line":148,"column":30},"end":{"line":158,"column":null}},"65":{"start":{"line":161,"column":4},"end":{"line":163,"column":null}},"66":{"start":{"line":162,"column":6},"end":{"line":162,"column":null}},"67":{"start":{"line":165,"column":4},"end":{"line":165,"column":null}},"68":{"start":{"line":167,"column":4},"end":{"line":167,"column":null}},"69":{"start":{"line":168,"column":4},"end":{"line":168,"column":null}},"70":{"start":{"line":192,"column":2},"end":{"line":192,"column":16}},"71":{"start":{"line":174,"column":2},"end":{"line":186,"column":null}},"72":{"start":{"line":175,"column":19},"end":{"line":175,"column":29}},"73":{"start":{"line":176,"column":25},"end":{"line":176,"column":63}},"74":{"start":{"line":178,"column":4},"end":{"line":180,"column":null}},"75":{"start":{"line":179,"column":6},"end":{"line":179,"column":null}},"76":{"start":{"line":182,"column":4},"end":{"line":182,"column":null}},"77":{"start":{"line":184,"column":4},"end":{"line":184,"column":null}},"78":{"start":{"line":185,"column":4},"end":{"line":185,"column":null}},"79":{"start":{"line":191,"column":2},"end":{"line":191,"column":18}}},"fnMap":{"0":{"name":"getDiaryEntriesAsc","decl":{"start":{"line":18,"column":15},"end":{"line":18,"column":33}},"loc":{"start":{"line":18,"column":61},"end":{"line":29,"column":null}}},"1":{"name":"getDiaryEntriesDesc","decl":{"start":{"line":32,"column":15},"end":{"line":32,"column":34}},"loc":{"start":{"line":32,"column":62},"end":{"line":45,"column":null}}},"2":{"name":"getOneDiaryEntry","decl":{"start":{"line":48,"column":15},"end":{"line":48,"column":31}},"loc":{"start":{"line":48,"column":59},"end":{"line":62,"column":null}}},"3":{"name":"getDiaryEntriesByDate","decl":{"start":{"line":65,"column":15},"end":{"line":65,"column":36}},"loc":{"start":{"line":65,"column":64},"end":{"line":94,"column":null}}},"4":{"name":"addDiaryEntry","decl":{"start":{"line":97,"column":15},"end":{"line":97,"column":28}},"loc":{"start":{"line":97,"column":56},"end":{"line":113,"column":null}}},"5":{"name":"uploadImage","decl":{"start":{"line":116,"column":15},"end":{"line":116,"column":26}},"loc":{"start":{"line":116,"column":54},"end":{"line":140,"column":null}}},"6":{"name":"editDiaryEntry","decl":{"start":{"line":143,"column":15},"end":{"line":143,"column":29}},"loc":{"start":{"line":143,"column":57},"end":{"line":170,"column":null}}},"7":{"name":"deleteDiaryEntry","decl":{"start":{"line":173,"column":15},"end":{"line":173,"column":31}},"loc":{"start":{"line":173,"column":59},"end":{"line":187,"column":null}}}},"branchMap":{"0":{"loc":{"start":{"line":21,"column":4},"end":{"line":23,"column":null}},"type":"if","locations":[{"start":{"line":21,"column":4},"end":{"line":23,"column":null}}]},"1":{"loc":{"start":{"line":37,"column":4},"end":{"line":39,"column":null}},"type":"if","locations":[{"start":{"line":37,"column":4},"end":{"line":39,"column":null}}]},"2":{"loc":{"start":{"line":53,"column":4},"end":{"line":55,"column":null}},"type":"if","locations":[{"start":{"line":53,"column":4},"end":{"line":55,"column":null}}]},"3":{"loc":{"start":{"line":83,"column":4},"end":{"line":87,"column":null}},"type":"if","locations":[{"start":{"line":83,"column":4},"end":{"line":87,"column":null}}]},"4":{"loc":{"start":{"line":83,"column":8},"end":{"line":83,"column":52}},"type":"binary-expr","locations":[{"start":{"line":83,"column":8},"end":{"line":83,"column":22}},{"start":{"line":83,"column":26},"end":{"line":83,"column":52}}]},"5":{"loc":{"start":{"line":121,"column":4},"end":{"line":123,"column":null}},"type":"if","locations":[{"start":{"line":121,"column":4},"end":{"line":123,"column":null}}]},"6":{"loc":{"start":{"line":161,"column":4},"end":{"line":163,"column":null}},"type":"if","locations":[{"start":{"line":161,"column":4},"end":{"line":163,"column":null}}]},"7":{"loc":{"start":{"line":178,"column":4},"end":{"line":180,"column":null}},"type":"if","locations":[{"start":{"line":178,"column":4},"end":{"line":180,"column":null}}]}},"s":{"0":1,"1":1,"2":1,"3":1,"4":1,"5":4,"6":4,"7":4,"8":1,"9":3,"10":0,"11":0,"12":1,"13":4,"14":4,"15":4,"16":1,"17":3,"18":0,"19":0,"20":1,"21":5,"22":5,"23":5,"24":5,"25":2,"26":3,"27":0,"28":0,"29":1,"30":3,"31":3,"32":3,"33":3,"34":3,"35":3,"36":3,"37":3,"38":0,"39":3,"40":0,"41":0,"42":1,"43":3,"44":3,"45":3,"46":3,"47":0,"48":0,"49":1,"50":0,"51":0,"52":0,"53":0,"54":0,"55":0,"56":0,"57":0,"58":0,"59":0,"60":1,"61":3,"62":3,"63":3,"64":3,"65":3,"66":0,"67":3,"68":0,"69":0,"70":1,"71":2,"72":2,"73":2,"74":2,"75":0,"76":2,"77":0,"78":0,"79":1},"f":{"0":4,"1":4,"2":5,"3":3,"4":3,"5":0,"6":3,"7":2},"b":{"0":[1],"1":[1],"2":[2],"3":[0],"4":[3,3],"5":[0],"6":[0],"7":[0]}}
,"/Users/dinarabekeshova/Desktop/codeworks/Diaree/server/controllers/tagController.ts": {"path":"/Users/dinarabekeshova/Desktop/codeworks/Diaree/server/controllers/tagController.ts","statementMap":{"0":{"start":{"line":2,"column":0},"end":{"line":2,"column":31}},"1":{"start":{"line":5,"column":2},"end":{"line":11,"column":null}},"2":{"start":{"line":6,"column":17},"end":{"line":6,"column":33}},"3":{"start":{"line":7,"column":4},"end":{"line":7,"column":null}},"4":{"start":{"line":9,"column":4},"end":{"line":9,"column":null}},"5":{"start":{"line":10,"column":4},"end":{"line":10,"column":null}},"6":{"start":{"line":41,"column":28},"end":{"line":41,"column":38}},"7":{"start":{"line":15,"column":2},"end":{"line":22,"column":null}},"8":{"start":{"line":16,"column":21},"end":{"line":16,"column":29}},"9":{"start":{"line":17,"column":19},"end":{"line":17,"column":51}},"10":{"start":{"line":18,"column":4},"end":{"line":18,"column":null}},"11":{"start":{"line":20,"column":4},"end":{"line":20,"column":null}},"12":{"start":{"line":21,"column":4},"end":{"line":21,"column":null}},"13":{"start":{"line":41,"column":9},"end":{"line":41,"column":15}},"14":{"start":{"line":26,"column":2},"end":{"line":38,"column":null}},"15":{"start":{"line":27,"column":19},"end":{"line":27,"column":29}},"16":{"start":{"line":28,"column":23},"end":{"line":28,"column":54}},"17":{"start":{"line":30,"column":4},"end":{"line":32,"column":null}},"18":{"start":{"line":31,"column":6},"end":{"line":31,"column":null}},"19":{"start":{"line":34,"column":4},"end":{"line":34,"column":null}},"20":{"start":{"line":36,"column":4},"end":{"line":36,"column":null}},"21":{"start":{"line":37,"column":4},"end":{"line":37,"column":null}},"22":{"start":{"line":41,"column":17},"end":{"line":41,"column":26}}},"fnMap":{"0":{"name":"getAllTags","decl":{"start":{"line":4,"column":15},"end":{"line":4,"column":25}},"loc":{"start":{"line":4,"column":53},"end":{"line":12,"column":null}}},"1":{"name":"addTag","decl":{"start":{"line":14,"column":15},"end":{"line":14,"column":21}},"loc":{"start":{"line":14,"column":49},"end":{"line":23,"column":null}}},"2":{"name":"deleteTag","decl":{"start":{"line":25,"column":15},"end":{"line":25,"column":24}},"loc":{"start":{"line":25,"column":52},"end":{"line":39,"column":null}}}},"branchMap":{"0":{"loc":{"start":{"line":30,"column":4},"end":{"line":32,"column":null}},"type":"if","locations":[{"start":{"line":30,"column":4},"end":{"line":32,"column":null}}]}},"s":{"0":1,"1":0,"2":0,"3":0,"4":0,"5":0,"6":1,"7":0,"8":0,"9":0,"10":0,"11":0,"12":0,"13":1,"14":0,"15":0,"16":0,"17":0,"18":0,"19":0,"20":0,"21":0,"22":1},"f":{"0":0,"1":0,"2":0},"b":{"0":[0]}}
,"/Users/dinarabekeshova/Desktop/codeworks/Diaree/server/models/diaryEntry.ts": {"path":"/Users/dinarabekeshova/Desktop/codeworks/Diaree/server/models/diaryEntry.ts","statementMap":{"0":{"start":{"line":1,"column":0},"end":{"line":1,"column":40}},"1":{"start":{"line":12,"column":25},"end":{"line":47,"column":null}},"2":{"start":{"line":34,"column":31},"end":{"line":34,"column":77}},"3":{"start":{"line":34,"column":53},"end":{"line":34,"column":76}},"4":{"start":{"line":45,"column":25},"end":{"line":45,"column":62}},"5":{"start":{"line":50,"column":19},"end":{"line":50,"column":64}},"6":{"start":{"line":52,"column":0},"end":{"line":52,"column":null}}},"fnMap":{"0":{"name":"(anonymous_0)","decl":{"start":{"line":34,"column":19},"end":{"line":34,"column":20}},"loc":{"start":{"line":34,"column":31},"end":{"line":34,"column":77}}},"1":{"name":"(anonymous_1)","decl":{"start":{"line":34,"column":39},"end":{"line":34,"column":40}},"loc":{"start":{"line":34,"column":53},"end":{"line":34,"column":76}}},"2":{"name":"(anonymous_2)","decl":{"start":{"line":45,"column":19},"end":{"line":45,"column":22}},"loc":{"start":{"line":45,"column":25},"end":{"line":45,"column":62}}}},"branchMap":{},"s":{"0":1,"1":1,"2":0,"3":0,"4":0,"5":1,"6":1},"f":{"0":0,"1":0,"2":0},"b":{}}
,"/Users/dinarabekeshova/Desktop/codeworks/Diaree/server/models/tag.ts": {"path":"/Users/dinarabekeshova/Desktop/codeworks/Diaree/server/models/tag.ts","statementMap":{"0":{"start":{"line":1,"column":0},"end":{"line":1,"column":31}},"1":{"start":{"line":8,"column":18},"end":{"line":14,"column":2}},"2":{"start":{"line":17,"column":12},"end":{"line":17,"column":50}},"3":{"start":{"line":19,"column":0},"end":{"line":19,"column":null}}},"fnMap":{},"branchMap":{},"s":{"0":1,"1":1,"2":1,"3":1},"f":{},"b":{}}
}
