TN:
SF:router.ts
FNF:0
FNH:0
DA:1,1
DA:2,1
DA:4,1
DA:5,1
DA:7,1
DA:18,1
DA:20,1
DA:21,1
DA:22,1
DA:23,1
DA:25,1
DA:26,1
DA:27,1
DA:28,1
DA:30,1
DA:31,1
DA:32,1
DA:34,1
LF:18
LH:18
BRF:0
BRH:0
end_of_record
TN:
SF:server.ts
FN:5,(anonymous_1)
FNF:1
FNH:1
FNDA:1,(anonymous_1)
DA:1,1
DA:2,1
DA:3,1
DA:5,1
DA:6,1
DA:8,1
DA:9,1
DA:10,1
DA:12,1
LF:9
LH:9
BRF:0
BRH:0
end_of_record
TN:
SF:__tests__/__fixtures__/entries.ts
FN:4,(anonymous_0)
FNF:1
FNH:1
FNDA:3,(anonymous_0)
DA:4,1
DA:5,3
DA:6,3
DA:7,3
DA:10,1
LF:5
LH:5
BRF:0
BRH:0
end_of_record
TN:
SF:controllers/diaryEntryController.ts
FN:18,getDiaryEntriesAsc
FN:32,getDiaryEntriesDesc
FN:48,getOneDiaryEntry
FN:65,getDiaryEntriesByDate
FN:97,addDiaryEntry
FN:116,uploadImage
FN:143,editDiaryEntry
FN:173,deleteDiaryEntry
FNF:8
FNH:7
FNDA:4,getDiaryEntriesAsc
FNDA:4,getDiaryEntriesDesc
FNDA:5,getOneDiaryEntry
FNDA:3,getDiaryEntriesByDate
FNDA:3,addDiaryEntry
FNDA:0,uploadImage
FNDA:3,editDiaryEntry
FNDA:2,deleteDiaryEntry
DA:3,1
DA:6,1
DA:8,1
DA:9,1
DA:11,1
DA:19,4
DA:20,4
DA:21,4
DA:22,1
DA:24,3
DA:26,0
DA:27,0
DA:33,4
DA:34,4
DA:37,4
DA:38,1
DA:40,3
DA:42,0
DA:43,0
DA:49,5
DA:50,5
DA:51,5
DA:53,5
DA:54,2
DA:57,3
DA:59,0
DA:60,0
DA:66,3
DA:67,3
DA:70,3
DA:71,3
DA:73,3
DA:74,3
DA:76,3
DA:83,3
DA:84,0
DA:89,3
DA:91,0
DA:92,0
DA:98,3
DA:99,3
DA:101,3
DA:108,3
DA:110,0
DA:111,0
DA:117,0
DA:118,0
DA:120,0
DA:121,0
DA:122,0
DA:125,0
DA:134,0
DA:135,0
DA:137,0
DA:138,0
DA:144,3
DA:145,3
DA:146,3
DA:148,3
DA:161,3
DA:162,0
DA:165,3
DA:167,0
DA:168,0
DA:174,2
DA:175,2
DA:176,2
DA:178,2
DA:179,0
DA:182,2
DA:184,0
DA:185,0
DA:190,1
DA:191,1
DA:192,1
DA:193,1
DA:194,1
DA:195,1
DA:196,1
DA:197,1
LF:80
LH:53
BRDA:21,0,0,1
BRDA:37,1,0,1
BRDA:53,2,0,2
BRDA:83,3,0,0
BRDA:83,4,0,3
BRDA:83,4,1,3
BRDA:121,5,0,0
BRDA:161,6,0,0
BRDA:178,7,0,0
BRF:9
BRH:5
end_of_record
TN:
SF:controllers/tagController.ts
FN:4,getAllTags
FN:14,addTag
FN:25,deleteTag
FNF:3
FNH:0
FNDA:0,getAllTags
FNDA:0,addTag
FNDA:0,deleteTag
DA:2,1
DA:5,0
DA:6,0
DA:7,0
DA:9,0
DA:10,0
DA:15,0
DA:16,0
DA:17,0
DA:18,0
DA:20,0
DA:21,0
DA:26,0
DA:27,0
DA:28,0
DA:30,0
DA:31,0
DA:34,0
DA:36,0
DA:37,0
DA:41,1
LF:21
LH:2
BRDA:30,0,0,0
BRF:1
BRH:0
end_of_record
TN:
SF:models/diaryEntry.ts
FN:34,(anonymous_0)
FN:34,(anonymous_1)
FN:45,(anonymous_2)
FNF:3
FNH:0
FNDA:0,(anonymous_0)
FNDA:0,(anonymous_1)
FNDA:0,(anonymous_2)
DA:1,1
DA:12,1
DA:34,0
DA:45,0
DA:50,1
DA:52,1
LF:6
LH:4
BRF:0
BRH:0
end_of_record
TN:
SF:models/tag.ts
FNF:0
FNH:0
DA:1,1
DA:8,1
DA:17,1
DA:19,1
LF:4
LH:4
BRF:0
BRH:0
end_of_record
